0 info it worked if it ends with ok
1 verbose cli [ '/usr/bin/node', '/usr/bin/npm', 'i', 'socket.io-redis' ]
2 info using npm@3.5.2
3 info using node@v8.10.0
4 silly loadCurrentTree Starting
5 silly install loadCurrentTree
6 silly install readLocalPackageData
7 silly fetchPackageMetaData socket.io-redis
8 silly fetchNamedPackageData socket.io-redis
9 silly mapToRegistry name socket.io-redis
10 silly mapToRegistry using default registry
11 silly mapToRegistry registry https://registry.npmjs.org/
12 silly mapToRegistry uri https://registry.npmjs.org/socket.io-redis
13 verbose request uri https://registry.npmjs.org/socket.io-redis
14 verbose request no auth needed
15 info attempt registry request try #1 at 10:32:19
16 verbose request id 5155bd2bbf6ecf8e
17 http request GET https://registry.npmjs.org/socket.io-redis
18 http 200 https://registry.npmjs.org/socket.io-redis
19 verbose headers { date: 'Sun, 21 Apr 2019 09:32:19 GMT',
19 verbose headers   'content-type': 'application/json; charset=UTF-8',
19 verbose headers   'transfer-encoding': 'chunked',
19 verbose headers   connection: 'keep-alive',
19 verbose headers   'set-cookie':
19 verbose headers    [ '__cfduid=d1fdd68caf77250e317b9896f74bb31fe1555839139; expires=Mon, 20-Apr-20 09:32:19 GMT; path=/; domain=.registry.npmjs.org; HttpOnly' ],
19 verbose headers   'cf-cache-status': 'HIT',
19 verbose headers   'cache-control': 'max-age=300',
19 verbose headers   'cf-ray': '4cae599bafe36aa3-LHR',
19 verbose headers   etag: 'W/"265fff410485d13d90fa300272920e5b"',
19 verbose headers   'expect-ct': 'max-age=604800, report-uri="https://report-uri.cloudflare.com/cdn-cgi/beacon/expect-ct"',
19 verbose headers   'last-modified': 'Sun, 27 May 2018 17:46:40 GMT',
19 verbose headers   vary: 'accept-encoding, accept',
19 verbose headers   server: 'cloudflare',
19 verbose headers   'content-encoding': 'gzip' }
20 silly get cb [ 200,
20 silly get   { date: 'Sun, 21 Apr 2019 09:32:19 GMT',
20 silly get     'content-type': 'application/json; charset=UTF-8',
20 silly get     'transfer-encoding': 'chunked',
20 silly get     connection: 'keep-alive',
20 silly get     'set-cookie':
20 silly get      [ '__cfduid=d1fdd68caf77250e317b9896f74bb31fe1555839139; expires=Mon, 20-Apr-20 09:32:19 GMT; path=/; domain=.registry.npmjs.org; HttpOnly' ],
20 silly get     'cf-cache-status': 'HIT',
20 silly get     'cache-control': 'max-age=300',
20 silly get     'cf-ray': '4cae599bafe36aa3-LHR',
20 silly get     etag: 'W/"265fff410485d13d90fa300272920e5b"',
20 silly get     'expect-ct': 'max-age=604800, report-uri="https://report-uri.cloudflare.com/cdn-cgi/beacon/expect-ct"',
20 silly get     'last-modified': 'Sun, 27 May 2018 17:46:40 GMT',
20 silly get     vary: 'accept-encoding, accept',
20 silly get     server: 'cloudflare',
20 silly get     'content-encoding': 'gzip' } ]
21 verbose get saving socket.io-redis to /home/sgill/.npm/registry.npmjs.org/socket.io-redis/.cache.json
22 silly install normalizeTree
23 silly loadCurrentTree Finishing
24 silly loadIdealTree Starting
25 silly install loadIdealTree
26 silly cloneCurrentTree Starting
27 silly install cloneCurrentTreeToIdealTree
28 silly cloneCurrentTree Finishing
29 silly loadShrinkwrap Starting
30 silly install loadShrinkwrap
31 silly loadShrinkwrap Finishing
32 silly loadAllDepsIntoIdealTree Starting
33 silly install loadAllDepsIntoIdealTree
34 silly resolveWithNewModule socket.io-redis@5.2.0 checking installable status
35 silly cache add args [ 'socket.io-redis', null ]
36 verbose cache add spec socket.io-redis
37 silly cache add parsed spec Result {
37 silly cache add   raw: 'socket.io-redis',
37 silly cache add   scope: null,
37 silly cache add   name: 'socket.io-redis',
37 silly cache add   rawSpec: '',
37 silly cache add   spec: 'latest',
37 silly cache add   type: 'tag' }
38 silly addNamed socket.io-redis@latest
39 verbose addNamed "latest" is being treated as a dist-tag for socket.io-redis
40 info addNameTag [ 'socket.io-redis', 'latest' ]
41 silly mapToRegistry name socket.io-redis
42 silly mapToRegistry using default registry
43 silly mapToRegistry registry https://registry.npmjs.org/
44 silly mapToRegistry uri https://registry.npmjs.org/socket.io-redis
45 verbose addNameTag registry:https://registry.npmjs.org/socket.io-redis not in flight; fetching
46 verbose get https://registry.npmjs.org/socket.io-redis not expired, no request
47 silly addNameTag next cb for socket.io-redis with tag latest
48 silly addNamed socket.io-redis@5.2.0
49 verbose addNamed "5.2.0" is a plain semver version for socket.io-redis
50 silly mapToRegistry name socket.io-redis
51 silly mapToRegistry using default registry
52 silly mapToRegistry registry https://registry.npmjs.org/
53 silly mapToRegistry uri https://registry.npmjs.org/socket.io-redis
54 verbose addRemoteTarball https://registry.npmjs.org/socket.io-redis/-/socket.io-redis-5.2.0.tgz not in flight; adding
55 verbose addRemoteTarball [ 'https://registry.npmjs.org/socket.io-redis/-/socket.io-redis-5.2.0.tgz',
55 verbose addRemoteTarball   '8fe2ad9445fc50886fb70abc759d67403d5899df' ]
56 info retry fetch attempt 1 at 10:32:19
57 info attempt registry request try #1 at 10:32:19
58 http fetch GET https://registry.npmjs.org/socket.io-redis/-/socket.io-redis-5.2.0.tgz
59 http fetch 200 https://registry.npmjs.org/socket.io-redis/-/socket.io-redis-5.2.0.tgz
60 silly fetchAndShaCheck shasum 8fe2ad9445fc50886fb70abc759d67403d5899df
61 verbose addTmpTarball /tmp/npm-17435-5dc464f7/registry.npmjs.org/socket.io-redis/-/socket.io-redis-5.2.0.tgz not in flight; adding
62 verbose addTmpTarball already have metadata; skipping unpack for socket.io-redis@5.2.0
63 silly cache afterAdd socket.io-redis@5.2.0
64 verbose afterAdd /home/sgill/.npm/socket.io-redis/5.2.0/package/package.json not in flight; writing
65 verbose afterAdd /home/sgill/.npm/socket.io-redis/5.2.0/package/package.json written
66 silly fetchNamedPackageData notepack.io
67 silly mapToRegistry name notepack.io
68 silly mapToRegistry using default registry
69 silly mapToRegistry registry https://registry.npmjs.org/
70 silly mapToRegistry uri https://registry.npmjs.org/notepack.io
71 silly fetchNamedPackageData uid2
72 silly mapToRegistry name uid2
73 silly mapToRegistry using default registry
74 silly mapToRegistry registry https://registry.npmjs.org/
75 silly mapToRegistry uri https://registry.npmjs.org/uid2
76 verbose request uri https://registry.npmjs.org/notepack.io
77 verbose request no auth needed
78 info attempt registry request try #1 at 10:32:19
79 http request GET https://registry.npmjs.org/notepack.io
80 verbose request uri https://registry.npmjs.org/uid2
81 verbose request no auth needed
82 info attempt registry request try #1 at 10:32:19
83 http request GET https://registry.npmjs.org/uid2
84 http 200 https://registry.npmjs.org/uid2
85 verbose headers { date: 'Sun, 21 Apr 2019 09:32:19 GMT',
85 verbose headers   'content-type': 'application/json; charset=UTF-8',
85 verbose headers   'transfer-encoding': 'chunked',
85 verbose headers   connection: 'keep-alive',
85 verbose headers   'set-cookie':
85 verbose headers    [ '__cfduid=d4874f09bb891e6304852e0948e37b7121555839139; expires=Mon, 20-Apr-20 09:32:19 GMT; path=/; domain=.registry.npmjs.org; HttpOnly' ],
85 verbose headers   'cf-cache-status': 'HIT',
85 verbose headers   'cache-control': 'max-age=300',
85 verbose headers   'cf-ray': '4cae599d5f503614-LHR',
85 verbose headers   etag: 'W/"cea3f56a15b744207c117f00a6c59445"',
85 verbose headers   'expect-ct': 'max-age=604800, report-uri="https://report-uri.cloudflare.com/cdn-cgi/beacon/expect-ct"',
85 verbose headers   'last-modified': 'Sun, 27 May 2018 20:23:03 GMT',
85 verbose headers   vary: 'accept-encoding, accept',
85 verbose headers   server: 'cloudflare',
85 verbose headers   'content-encoding': 'gzip' }
86 silly get cb [ 200,
86 silly get   { date: 'Sun, 21 Apr 2019 09:32:19 GMT',
86 silly get     'content-type': 'application/json; charset=UTF-8',
86 silly get     'transfer-encoding': 'chunked',
86 silly get     connection: 'keep-alive',
86 silly get     'set-cookie':
86 silly get      [ '__cfduid=d4874f09bb891e6304852e0948e37b7121555839139; expires=Mon, 20-Apr-20 09:32:19 GMT; path=/; domain=.registry.npmjs.org; HttpOnly' ],
86 silly get     'cf-cache-status': 'HIT',
86 silly get     'cache-control': 'max-age=300',
86 silly get     'cf-ray': '4cae599d5f503614-LHR',
86 silly get     etag: 'W/"cea3f56a15b744207c117f00a6c59445"',
86 silly get     'expect-ct': 'max-age=604800, report-uri="https://report-uri.cloudflare.com/cdn-cgi/beacon/expect-ct"',
86 silly get     'last-modified': 'Sun, 27 May 2018 20:23:03 GMT',
86 silly get     vary: 'accept-encoding, accept',
86 silly get     server: 'cloudflare',
86 silly get     'content-encoding': 'gzip' } ]
87 verbose get saving uid2 to /home/sgill/.npm/registry.npmjs.org/uid2/.cache.json
88 silly resolveWithNewModule uid2@0.0.3 checking installable status
89 silly cache add args [ 'uid2@0.0.3', null ]
90 verbose cache add spec uid2@0.0.3
91 silly cache add parsed spec Result {
91 silly cache add   raw: 'uid2@0.0.3',
91 silly cache add   scope: null,
91 silly cache add   name: 'uid2',
91 silly cache add   rawSpec: '0.0.3',
91 silly cache add   spec: '0.0.3',
91 silly cache add   type: 'version' }
92 silly addNamed uid2@0.0.3
93 verbose addNamed "0.0.3" is a plain semver version for uid2
94 silly mapToRegistry name uid2
95 silly mapToRegistry using default registry
96 silly mapToRegistry registry https://registry.npmjs.org/
97 silly mapToRegistry uri https://registry.npmjs.org/uid2
98 verbose addNameVersion registry:https://registry.npmjs.org/uid2 not in flight; fetching
99 verbose get https://registry.npmjs.org/uid2 not expired, no request
100 silly mapToRegistry name uid2
101 silly mapToRegistry using default registry
102 silly mapToRegistry registry https://registry.npmjs.org/
103 silly mapToRegistry uri https://registry.npmjs.org/uid2
104 verbose addRemoteTarball https://registry.npmjs.org/uid2/-/uid2-0.0.3.tgz not in flight; adding
105 verbose addRemoteTarball [ 'https://registry.npmjs.org/uid2/-/uid2-0.0.3.tgz',
105 verbose addRemoteTarball   '483126e11774df2f71b8b639dcd799c376162b82' ]
106 info retry fetch attempt 1 at 10:32:19
107 info attempt registry request try #1 at 10:32:19
108 http fetch GET https://registry.npmjs.org/uid2/-/uid2-0.0.3.tgz
109 http fetch 200 https://registry.npmjs.org/uid2/-/uid2-0.0.3.tgz
110 silly fetchAndShaCheck shasum 483126e11774df2f71b8b639dcd799c376162b82
111 verbose addTmpTarball /tmp/npm-17435-5dc464f7/registry.npmjs.org/uid2/-/uid2-0.0.3.tgz not in flight; adding
112 verbose addTmpTarball already have metadata; skipping unpack for uid2@0.0.3
113 silly cache afterAdd uid2@0.0.3
114 verbose afterAdd /home/sgill/.npm/uid2/0.0.3/package/package.json not in flight; writing
115 verbose afterAdd /home/sgill/.npm/uid2/0.0.3/package/package.json written
116 http 200 https://registry.npmjs.org/notepack.io
117 verbose headers { date: 'Sun, 21 Apr 2019 09:32:19 GMT',
117 verbose headers   'content-type': 'application/json',
117 verbose headers   'transfer-encoding': 'chunked',
117 verbose headers   connection: 'keep-alive',
117 verbose headers   'set-cookie':
117 verbose headers    [ '__cfduid=d1fdd68caf77250e317b9896f74bb31fe1555839139; expires=Mon, 20-Apr-20 09:32:19 GMT; path=/; domain=.registry.npmjs.org; HttpOnly' ],
117 verbose headers   'cf-cache-status': 'REVALIDATED',
117 verbose headers   'cache-control': 'max-age=300',
117 verbose headers   'cf-ray': '4cae599d197f6aa3-LHR',
117 verbose headers   etag: 'W/"f84c5c1af7f527b28cace9cfd672c8ee"',
117 verbose headers   'expect-ct': 'max-age=604800, report-uri="https://report-uri.cloudflare.com/cdn-cgi/beacon/expect-ct"',
117 verbose headers   'last-modified': 'Sat, 05 Jan 2019 00:17:31 GMT',
117 verbose headers   vary: 'accept-encoding, accept',
117 verbose headers   'x-amz-meta-rev': '11-cf1f4cf864846003db9caa1e9b1db181',
117 verbose headers   server: 'cloudflare',
117 verbose headers   'content-encoding': 'gzip' }
118 silly get cb [ 200,
118 silly get   { date: 'Sun, 21 Apr 2019 09:32:19 GMT',
118 silly get     'content-type': 'application/json',
118 silly get     'transfer-encoding': 'chunked',
118 silly get     connection: 'keep-alive',
118 silly get     'set-cookie':
118 silly get      [ '__cfduid=d1fdd68caf77250e317b9896f74bb31fe1555839139; expires=Mon, 20-Apr-20 09:32:19 GMT; path=/; domain=.registry.npmjs.org; HttpOnly' ],
118 silly get     'cf-cache-status': 'REVALIDATED',
118 silly get     'cache-control': 'max-age=300',
118 silly get     'cf-ray': '4cae599d197f6aa3-LHR',
118 silly get     etag: 'W/"f84c5c1af7f527b28cace9cfd672c8ee"',
118 silly get     'expect-ct': 'max-age=604800, report-uri="https://report-uri.cloudflare.com/cdn-cgi/beacon/expect-ct"',
118 silly get     'last-modified': 'Sat, 05 Jan 2019 00:17:31 GMT',
118 silly get     vary: 'accept-encoding, accept',
118 silly get     'x-amz-meta-rev': '11-cf1f4cf864846003db9caa1e9b1db181',
118 silly get     server: 'cloudflare',
118 silly get     'content-encoding': 'gzip' } ]
119 verbose get saving notepack.io to /home/sgill/.npm/registry.npmjs.org/notepack.io/.cache.json
120 silly resolveWithNewModule notepack.io@2.1.3 checking installable status
121 silly cache add args [ 'notepack.io@~2.1.2', null ]
122 verbose cache add spec notepack.io@~2.1.2
123 silly cache add parsed spec Result {
123 silly cache add   raw: 'notepack.io@~2.1.2',
123 silly cache add   scope: null,
123 silly cache add   name: 'notepack.io',
123 silly cache add   rawSpec: '~2.1.2',
123 silly cache add   spec: '>=2.1.2 <2.2.0',
123 silly cache add   type: 'range' }
124 silly addNamed notepack.io@>=2.1.2 <2.2.0
125 verbose addNamed ">=2.1.2 <2.2.0" is a valid semver range for notepack.io
126 silly addNameRange { name: 'notepack.io', range: '>=2.1.2 <2.2.0', hasData: false }
127 silly mapToRegistry name notepack.io
128 silly mapToRegistry using default registry
129 silly mapToRegistry registry https://registry.npmjs.org/
130 silly mapToRegistry uri https://registry.npmjs.org/notepack.io
131 verbose addNameRange registry:https://registry.npmjs.org/notepack.io not in flight; fetching
132 verbose get https://registry.npmjs.org/notepack.io not expired, no request
133 silly addNameRange number 2 { name: 'notepack.io', range: '>=2.1.2 <2.2.0', hasData: true }
134 silly addNameRange versions [ 'notepack.io',
134 silly addNameRange   [ '1.0.0',
134 silly addNameRange     '1.0.1',
134 silly addNameRange     '2.0.0',
134 silly addNameRange     '2.0.1',
134 silly addNameRange     '2.1.0',
134 silly addNameRange     '2.1.1',
134 silly addNameRange     '2.1.2',
134 silly addNameRange     '2.1.3',
134 silly addNameRange     '2.2.0' ] ]
135 silly addNamed notepack.io@2.1.3
136 verbose addNamed "2.1.3" is a plain semver version for notepack.io
137 silly mapToRegistry name notepack.io
138 silly mapToRegistry using default registry
139 silly mapToRegistry registry https://registry.npmjs.org/
140 silly mapToRegistry uri https://registry.npmjs.org/notepack.io
141 verbose addRemoteTarball https://registry.npmjs.org/notepack.io/-/notepack.io-2.1.3.tgz not in flight; adding
142 verbose addRemoteTarball [ 'https://registry.npmjs.org/notepack.io/-/notepack.io-2.1.3.tgz',
142 verbose addRemoteTarball   'cc904045c751b1a27b2dcfd838d81d0bf3ced923' ]
143 info retry fetch attempt 1 at 10:32:20
144 info attempt registry request try #1 at 10:32:20
145 http fetch GET https://registry.npmjs.org/notepack.io/-/notepack.io-2.1.3.tgz
146 http fetch 200 https://registry.npmjs.org/notepack.io/-/notepack.io-2.1.3.tgz
147 silly fetchAndShaCheck shasum cc904045c751b1a27b2dcfd838d81d0bf3ced923
148 verbose addTmpTarball /tmp/npm-17435-5dc464f7/registry.npmjs.org/notepack.io/-/notepack.io-2.1.3.tgz not in flight; adding
149 verbose addTmpTarball already have metadata; skipping unpack for notepack.io@2.1.3
150 silly cache afterAdd notepack.io@2.1.3
151 verbose afterAdd /home/sgill/.npm/notepack.io/2.1.3/package/package.json not in flight; writing
152 verbose afterAdd /home/sgill/.npm/notepack.io/2.1.3/package/package.json written
153 silly loadAllDepsIntoIdealTree Finishing
154 silly idealTree:prePrune chat-socket@0.0.0
154 silly idealTree:prePrune ├── accepts@1.3.5
154 silly idealTree:prePrune ├── acorn-globals@1.0.9
154 silly idealTree:prePrune ├── acorn@2.7.0
154 silly idealTree:prePrune ├── after@0.8.2
154 silly idealTree:prePrune ├── align-text@0.1.4
154 silly idealTree:prePrune ├── amdefine@1.0.1
154 silly idealTree:prePrune ├── array-flatten@1.1.1
154 silly idealTree:prePrune ├── arraybuffer.slice@0.0.7
154 silly idealTree:prePrune ├── asap@1.0.0
154 silly idealTree:prePrune ├── async-limiter@1.0.0
154 silly idealTree:prePrune ├── async@2.6.2
154 silly idealTree:prePrune ├── axios@0.18.0
154 silly idealTree:prePrune ├── backo2@1.0.2
154 silly idealTree:prePrune ├── base64-arraybuffer@0.1.5
154 silly idealTree:prePrune ├── base64id@1.0.0
154 silly idealTree:prePrune ├── better-assert@1.0.2
154 silly idealTree:prePrune ├── bignumber.js@7.2.1
154 silly idealTree:prePrune ├── blob@0.0.5
154 silly idealTree:prePrune ├── body-parser@1.18.3
154 silly idealTree:prePrune ├── buffer-equal-constant-time@1.0.1
154 silly idealTree:prePrune ├── bytes@3.0.0
154 silly idealTree:prePrune ├── callsite@1.0.0
154 silly idealTree:prePrune ├── camelcase@1.2.1
154 silly idealTree:prePrune ├── center-align@0.1.3
154 silly idealTree:prePrune ├── character-parser@1.2.1
154 silly idealTree:prePrune ├─┬ clean-css@3.4.28
154 silly idealTree:prePrune │ └── commander@2.8.1
154 silly idealTree:prePrune ├─┬ cliui@2.1.0
154 silly idealTree:prePrune │ └── wordwrap@0.0.2
154 silly idealTree:prePrune ├── color-convert@1.9.3
154 silly idealTree:prePrune ├── color-name@1.1.3
154 silly idealTree:prePrune ├── color-string@1.5.3
154 silly idealTree:prePrune ├── color@3.0.0
154 silly idealTree:prePrune ├── colornames@1.1.1
154 silly idealTree:prePrune ├── colors@1.3.3
154 silly idealTree:prePrune ├── colorspace@1.1.1
154 silly idealTree:prePrune ├── commander@2.6.0
154 silly idealTree:prePrune ├── component-bind@1.0.0
154 silly idealTree:prePrune ├── component-emitter@1.2.1
154 silly idealTree:prePrune ├── component-inherit@0.0.3
154 silly idealTree:prePrune ├── constantinople@3.0.2
154 silly idealTree:prePrune ├── content-disposition@0.5.2
154 silly idealTree:prePrune ├── content-type@1.0.4
154 silly idealTree:prePrune ├── cookie-parser@1.4.4
154 silly idealTree:prePrune ├── cookie-signature@1.0.6
154 silly idealTree:prePrune ├── cookie@0.3.1
154 silly idealTree:prePrune ├── core-util-is@1.0.2
154 silly idealTree:prePrune ├── css-parse@1.0.4
154 silly idealTree:prePrune ├── css-stringify@1.0.5
154 silly idealTree:prePrune ├── css@1.0.8
154 silly idealTree:prePrune ├── debug@2.6.9
154 silly idealTree:prePrune ├── decamelize@1.2.0
154 silly idealTree:prePrune ├── depd@1.1.2
154 silly idealTree:prePrune ├── destroy@1.0.4
154 silly idealTree:prePrune ├── diagnostics@1.1.1
154 silly idealTree:prePrune ├── dotenv@7.0.0
154 silly idealTree:prePrune ├── double-ended-queue@2.1.0-0
154 silly idealTree:prePrune ├── ecdsa-sig-formatter@1.0.11
154 silly idealTree:prePrune ├── ee-first@1.1.1
154 silly idealTree:prePrune ├── enabled@1.0.2
154 silly idealTree:prePrune ├── encodeurl@1.0.2
154 silly idealTree:prePrune ├─┬ engine.io-client@3.3.2
154 silly idealTree:prePrune │ └── debug@3.1.0
154 silly idealTree:prePrune ├── engine.io-parser@2.1.3
154 silly idealTree:prePrune ├─┬ engine.io@3.3.2
154 silly idealTree:prePrune │ └── debug@3.1.0
154 silly idealTree:prePrune ├── env-variable@0.0.5
154 silly idealTree:prePrune ├── escape-html@1.0.3
154 silly idealTree:prePrune ├── etag@1.8.1
154 silly idealTree:prePrune ├── express@4.16.4
154 silly idealTree:prePrune ├── fast-safe-stringify@2.0.6
154 silly idealTree:prePrune ├── fecha@2.3.3
154 silly idealTree:prePrune ├── finalhandler@1.1.1
154 silly idealTree:prePrune ├─┬ follow-redirects@1.7.0
154 silly idealTree:prePrune │ ├── debug@3.2.6
154 silly idealTree:prePrune │ └── ms@2.1.1
154 silly idealTree:prePrune ├── forwarded@0.1.2
154 silly idealTree:prePrune ├── fresh@0.5.2
154 silly idealTree:prePrune ├── graceful-readlink@1.0.1
154 silly idealTree:prePrune ├── has-binary2@1.0.3
154 silly idealTree:prePrune ├── has-cors@1.1.0
154 silly idealTree:prePrune ├── http-errors@1.6.3
154 silly idealTree:prePrune ├── iconv-lite@0.4.23
154 silly idealTree:prePrune ├── indexof@0.0.1
154 silly idealTree:prePrune ├── inherits@2.0.3
154 silly idealTree:prePrune ├── ipaddr.js@1.8.0
154 silly idealTree:prePrune ├── is-arrayish@0.3.2
154 silly idealTree:prePrune ├── is-buffer@1.1.6
154 silly idealTree:prePrune ├── is-promise@2.1.0
154 silly idealTree:prePrune ├── is-stream@1.1.0
154 silly idealTree:prePrune ├── isarray@2.0.1
154 silly idealTree:prePrune ├── jade@1.11.0
154 silly idealTree:prePrune ├─┬ jsonwebtoken@8.5.1
154 silly idealTree:prePrune │ └── ms@2.1.1
154 silly idealTree:prePrune ├── jstransformer@0.0.2
154 silly idealTree:prePrune ├── jwa@1.4.1
154 silly idealTree:prePrune ├── jws@3.2.2
154 silly idealTree:prePrune ├── kind-of@3.2.2
154 silly idealTree:prePrune ├── kuler@1.0.1
154 silly idealTree:prePrune ├── lazy-cache@1.0.4
154 silly idealTree:prePrune ├── lodash.includes@4.3.0
154 silly idealTree:prePrune ├── lodash.isboolean@3.0.3
154 silly idealTree:prePrune ├── lodash.isinteger@4.0.4
154 silly idealTree:prePrune ├── lodash.isnumber@3.0.3
154 silly idealTree:prePrune ├── lodash.isplainobject@4.0.6
154 silly idealTree:prePrune ├── lodash.isstring@4.0.1
154 silly idealTree:prePrune ├── lodash.once@4.1.1
154 silly idealTree:prePrune ├── lodash@4.17.11
154 silly idealTree:prePrune ├─┬ logform@2.1.2
154 silly idealTree:prePrune │ └── ms@2.1.1
154 silly idealTree:prePrune ├── longest@1.0.1
154 silly idealTree:prePrune ├── media-typer@0.3.0
154 silly idealTree:prePrune ├── merge-descriptors@1.0.1
154 silly idealTree:prePrune ├── methods@1.1.2
154 silly idealTree:prePrune ├── mime-db@1.38.0
154 silly idealTree:prePrune ├── mime-types@2.1.22
154 silly idealTree:prePrune ├── mime@1.4.1
154 silly idealTree:prePrune ├── minimist@0.0.8
154 silly idealTree:prePrune ├── mkdirp@0.5.1
154 silly idealTree:prePrune ├── ms@2.0.0
154 silly idealTree:prePrune ├── mysql@2.17.1
154 silly idealTree:prePrune ├── negotiator@0.6.1
154 silly idealTree:prePrune ├── notepack.io@2.1.3
154 silly idealTree:prePrune ├── object-component@0.0.3
154 silly idealTree:prePrune ├── on-finished@2.3.0
154 silly idealTree:prePrune ├── one-time@0.0.4
154 silly idealTree:prePrune ├── optimist@0.3.7
154 silly idealTree:prePrune ├── parseqs@0.0.5
154 silly idealTree:prePrune ├── parseuri@0.0.5
154 silly idealTree:prePrune ├── parseurl@1.3.2
154 silly idealTree:prePrune ├── path-to-regexp@0.1.7
154 silly idealTree:prePrune ├── process-nextick-args@2.0.0
154 silly idealTree:prePrune ├── promise@6.1.0
154 silly idealTree:prePrune ├── proxy-addr@2.0.4
154 silly idealTree:prePrune ├── qs@6.5.2
154 silly idealTree:prePrune ├── range-parser@1.2.0
154 silly idealTree:prePrune ├── raw-body@2.3.3
154 silly idealTree:prePrune ├─┬ readable-stream@2.3.6
154 silly idealTree:prePrune │ └── isarray@1.0.0
154 silly idealTree:prePrune ├── redis-commands@1.4.0
154 silly idealTree:prePrune ├── redis-parser@2.6.0
154 silly idealTree:prePrune ├── redis@2.8.0
154 silly idealTree:prePrune ├── repeat-string@1.6.1
154 silly idealTree:prePrune ├── right-align@0.1.3
154 silly idealTree:prePrune ├── safe-buffer@5.1.2
154 silly idealTree:prePrune ├── safer-buffer@2.1.2
154 silly idealTree:prePrune ├── semver@5.6.0
154 silly idealTree:prePrune ├── send@0.16.2
154 silly idealTree:prePrune ├── serve-static@1.13.2
154 silly idealTree:prePrune ├── setprototypeof@1.1.0
154 silly idealTree:prePrune ├── simple-swizzle@0.2.2
154 silly idealTree:prePrune ├── socket.io-adapter@1.1.1
154 silly idealTree:prePrune ├─┬ socket.io-client@2.2.0
154 silly idealTree:prePrune │ └── debug@3.1.0
154 silly idealTree:prePrune ├─┬ socket.io-parser@3.3.0
154 silly idealTree:prePrune │ └── debug@3.1.0
154 silly idealTree:prePrune ├── socket.io-redis@5.2.0
154 silly idealTree:prePrune ├─┬ socket.io@2.2.0
154 silly idealTree:prePrune │ ├── debug@4.1.1
154 silly idealTree:prePrune │ └── ms@2.1.1
154 silly idealTree:prePrune ├── source-map@0.4.4
154 silly idealTree:prePrune ├── sqlstring@2.3.1
154 silly idealTree:prePrune ├── stack-trace@0.0.10
154 silly idealTree:prePrune ├── statuses@1.4.0
154 silly idealTree:prePrune ├── string_decoder@1.1.1
154 silly idealTree:prePrune ├── text-hex@1.0.0
154 silly idealTree:prePrune ├── to-array@0.1.4
154 silly idealTree:prePrune ├─┬ transformers@2.1.0
154 silly idealTree:prePrune │ ├── is-promise@1.0.1
154 silly idealTree:prePrune │ ├── promise@2.0.0
154 silly idealTree:prePrune │ ├── source-map@0.1.43
154 silly idealTree:prePrune │ └── uglify-js@2.2.5
154 silly idealTree:prePrune ├── triple-beam@1.3.0
154 silly idealTree:prePrune ├── type-is@1.6.16
154 silly idealTree:prePrune ├─┬ uglify-js@2.8.29
154 silly idealTree:prePrune │ └── source-map@0.5.7
154 silly idealTree:prePrune ├── uglify-to-browserify@1.0.2
154 silly idealTree:prePrune ├── uid2@0.0.3
154 silly idealTree:prePrune ├── unpipe@1.0.0
154 silly idealTree:prePrune ├── util-deprecate@1.0.2
154 silly idealTree:prePrune ├── utils-merge@1.0.1
154 silly idealTree:prePrune ├── vary@1.1.2
154 silly idealTree:prePrune ├── void-elements@2.0.1
154 silly idealTree:prePrune ├── window-size@0.1.0
154 silly idealTree:prePrune ├── winston-transport@4.3.0
154 silly idealTree:prePrune ├─┬ winston@3.2.1
154 silly idealTree:prePrune │ └── readable-stream@3.3.0
154 silly idealTree:prePrune ├─┬ with@4.0.3
154 silly idealTree:prePrune │ └── acorn@1.2.2
154 silly idealTree:prePrune ├── wordwrap@0.0.3
154 silly idealTree:prePrune ├── ws@6.1.4
154 silly idealTree:prePrune ├── xmlhttprequest-ssl@1.5.5
154 silly idealTree:prePrune ├── yargs@3.10.0
154 silly idealTree:prePrune └── yeast@0.1.2
155 silly loadIdealTree Finishing
156 silly currentTree chat-socket@0.0.0
156 silly currentTree ├── accepts@1.3.5
156 silly currentTree ├── acorn-globals@1.0.9
156 silly currentTree ├── acorn@2.7.0
156 silly currentTree ├── after@0.8.2
156 silly currentTree ├── align-text@0.1.4
156 silly currentTree ├── amdefine@1.0.1
156 silly currentTree ├── array-flatten@1.1.1
156 silly currentTree ├── arraybuffer.slice@0.0.7
156 silly currentTree ├── asap@1.0.0
156 silly currentTree ├── async-limiter@1.0.0
156 silly currentTree ├── async@2.6.2
156 silly currentTree ├── axios@0.18.0
156 silly currentTree ├── backo2@1.0.2
156 silly currentTree ├── base64-arraybuffer@0.1.5
156 silly currentTree ├── base64id@1.0.0
156 silly currentTree ├── better-assert@1.0.2
156 silly currentTree ├── bignumber.js@7.2.1
156 silly currentTree ├── blob@0.0.5
156 silly currentTree ├── body-parser@1.18.3
156 silly currentTree ├── buffer-equal-constant-time@1.0.1
156 silly currentTree ├── bytes@3.0.0
156 silly currentTree ├── callsite@1.0.0
156 silly currentTree ├── camelcase@1.2.1
156 silly currentTree ├── center-align@0.1.3
156 silly currentTree ├── character-parser@1.2.1
156 silly currentTree ├─┬ clean-css@3.4.28
156 silly currentTree │ └── commander@2.8.1
156 silly currentTree ├─┬ cliui@2.1.0
156 silly currentTree │ └── wordwrap@0.0.2
156 silly currentTree ├── color-convert@1.9.3
156 silly currentTree ├── color-name@1.1.3
156 silly currentTree ├── color-string@1.5.3
156 silly currentTree ├── color@3.0.0
156 silly currentTree ├── colornames@1.1.1
156 silly currentTree ├── colors@1.3.3
156 silly currentTree ├── colorspace@1.1.1
156 silly currentTree ├── commander@2.6.0
156 silly currentTree ├── component-bind@1.0.0
156 silly currentTree ├── component-emitter@1.2.1
156 silly currentTree ├── component-inherit@0.0.3
156 silly currentTree ├── constantinople@3.0.2
156 silly currentTree ├── content-disposition@0.5.2
156 silly currentTree ├── content-type@1.0.4
156 silly currentTree ├── cookie-parser@1.4.4
156 silly currentTree ├── cookie-signature@1.0.6
156 silly currentTree ├── cookie@0.3.1
156 silly currentTree ├── core-util-is@1.0.2
156 silly currentTree ├── css-parse@1.0.4
156 silly currentTree ├── css-stringify@1.0.5
156 silly currentTree ├── css@1.0.8
156 silly currentTree ├── debug@2.6.9
156 silly currentTree ├── decamelize@1.2.0
156 silly currentTree ├── depd@1.1.2
156 silly currentTree ├── destroy@1.0.4
156 silly currentTree ├── diagnostics@1.1.1
156 silly currentTree ├── dotenv@7.0.0
156 silly currentTree ├── double-ended-queue@2.1.0-0
156 silly currentTree ├── ecdsa-sig-formatter@1.0.11
156 silly currentTree ├── ee-first@1.1.1
156 silly currentTree ├── enabled@1.0.2
156 silly currentTree ├── encodeurl@1.0.2
156 silly currentTree ├─┬ engine.io-client@3.3.2
156 silly currentTree │ └── debug@3.1.0
156 silly currentTree ├── engine.io-parser@2.1.3
156 silly currentTree ├─┬ engine.io@3.3.2
156 silly currentTree │ └── debug@3.1.0
156 silly currentTree ├── env-variable@0.0.5
156 silly currentTree ├── escape-html@1.0.3
156 silly currentTree ├── etag@1.8.1
156 silly currentTree ├── express@4.16.4
156 silly currentTree ├── fast-safe-stringify@2.0.6
156 silly currentTree ├── fecha@2.3.3
156 silly currentTree ├── finalhandler@1.1.1
156 silly currentTree ├─┬ follow-redirects@1.7.0
156 silly currentTree │ ├── debug@3.2.6
156 silly currentTree │ └── ms@2.1.1
156 silly currentTree ├── forwarded@0.1.2
156 silly currentTree ├── fresh@0.5.2
156 silly currentTree ├── graceful-readlink@1.0.1
156 silly currentTree ├── has-binary2@1.0.3
156 silly currentTree ├── has-cors@1.1.0
156 silly currentTree ├── http-errors@1.6.3
156 silly currentTree ├── iconv-lite@0.4.23
156 silly currentTree ├── indexof@0.0.1
156 silly currentTree ├── inherits@2.0.3
156 silly currentTree ├── ipaddr.js@1.8.0
156 silly currentTree ├── is-arrayish@0.3.2
156 silly currentTree ├── is-buffer@1.1.6
156 silly currentTree ├── is-promise@2.1.0
156 silly currentTree ├── is-stream@1.1.0
156 silly currentTree ├── isarray@2.0.1
156 silly currentTree ├── jade@1.11.0
156 silly currentTree ├─┬ jsonwebtoken@8.5.1
156 silly currentTree │ └── ms@2.1.1
156 silly currentTree ├── jstransformer@0.0.2
156 silly currentTree ├── jwa@1.4.1
156 silly currentTree ├── jws@3.2.2
156 silly currentTree ├── kind-of@3.2.2
156 silly currentTree ├── kuler@1.0.1
156 silly currentTree ├── lazy-cache@1.0.4
156 silly currentTree ├── lodash.includes@4.3.0
156 silly currentTree ├── lodash.isboolean@3.0.3
156 silly currentTree ├── lodash.isinteger@4.0.4
156 silly currentTree ├── lodash.isnumber@3.0.3
156 silly currentTree ├── lodash.isplainobject@4.0.6
156 silly currentTree ├── lodash.isstring@4.0.1
156 silly currentTree ├── lodash.once@4.1.1
156 silly currentTree ├── lodash@4.17.11
156 silly currentTree ├─┬ logform@2.1.2
156 silly currentTree │ └── ms@2.1.1
156 silly currentTree ├── longest@1.0.1
156 silly currentTree ├── media-typer@0.3.0
156 silly currentTree ├── merge-descriptors@1.0.1
156 silly currentTree ├── methods@1.1.2
156 silly currentTree ├── mime-db@1.38.0
156 silly currentTree ├── mime-types@2.1.22
156 silly currentTree ├── mime@1.4.1
156 silly currentTree ├── minimist@0.0.8
156 silly currentTree ├── mkdirp@0.5.1
156 silly currentTree ├── ms@2.0.0
156 silly currentTree ├── mysql@2.17.1
156 silly currentTree ├── negotiator@0.6.1
156 silly currentTree ├── object-component@0.0.3
156 silly currentTree ├── on-finished@2.3.0
156 silly currentTree ├── one-time@0.0.4
156 silly currentTree ├── optimist@0.3.7
156 silly currentTree ├── parseqs@0.0.5
156 silly currentTree ├── parseuri@0.0.5
156 silly currentTree ├── parseurl@1.3.2
156 silly currentTree ├── path-to-regexp@0.1.7
156 silly currentTree ├── process-nextick-args@2.0.0
156 silly currentTree ├── promise@6.1.0
156 silly currentTree ├── proxy-addr@2.0.4
156 silly currentTree ├── qs@6.5.2
156 silly currentTree ├── range-parser@1.2.0
156 silly currentTree ├── raw-body@2.3.3
156 silly currentTree ├─┬ readable-stream@2.3.6
156 silly currentTree │ └── isarray@1.0.0
156 silly currentTree ├── redis-commands@1.4.0
156 silly currentTree ├── redis-parser@2.6.0
156 silly currentTree ├── redis@2.8.0
156 silly currentTree ├── repeat-string@1.6.1
156 silly currentTree ├── right-align@0.1.3
156 silly currentTree ├── safe-buffer@5.1.2
156 silly currentTree ├── safer-buffer@2.1.2
156 silly currentTree ├── semver@5.6.0
156 silly currentTree ├── send@0.16.2
156 silly currentTree ├── serve-static@1.13.2
156 silly currentTree ├── setprototypeof@1.1.0
156 silly currentTree ├── simple-swizzle@0.2.2
156 silly currentTree ├── socket.io-adapter@1.1.1
156 silly currentTree ├─┬ socket.io-client@2.2.0
156 silly currentTree │ └── debug@3.1.0
156 silly currentTree ├─┬ socket.io-parser@3.3.0
156 silly currentTree │ └── debug@3.1.0
156 silly currentTree ├─┬ socket.io@2.2.0
156 silly currentTree │ ├── debug@4.1.1
156 silly currentTree │ └── ms@2.1.1
156 silly currentTree ├── source-map@0.4.4
156 silly currentTree ├── sqlstring@2.3.1
156 silly currentTree ├── stack-trace@0.0.10
156 silly currentTree ├── statuses@1.4.0
156 silly currentTree ├── string_decoder@1.1.1
156 silly currentTree ├── text-hex@1.0.0
156 silly currentTree ├── to-array@0.1.4
156 silly currentTree ├─┬ transformers@2.1.0
156 silly currentTree │ ├── is-promise@1.0.1
156 silly currentTree │ ├── promise@2.0.0
156 silly currentTree │ ├── source-map@0.1.43
156 silly currentTree │ └── uglify-js@2.2.5
156 silly currentTree ├── triple-beam@1.3.0
156 silly currentTree ├── type-is@1.6.16
156 silly currentTree ├─┬ uglify-js@2.8.29
156 silly currentTree │ └── source-map@0.5.7
156 silly currentTree ├── uglify-to-browserify@1.0.2
156 silly currentTree ├── unpipe@1.0.0
156 silly currentTree ├── util-deprecate@1.0.2
156 silly currentTree ├── utils-merge@1.0.1
156 silly currentTree ├── vary@1.1.2
156 silly currentTree ├── void-elements@2.0.1
156 silly currentTree ├── window-size@0.1.0
156 silly currentTree ├── winston-transport@4.3.0
156 silly currentTree ├─┬ winston@3.2.1
156 silly currentTree │ └── readable-stream@3.3.0
156 silly currentTree ├─┬ with@4.0.3
156 silly currentTree │ └── acorn@1.2.2
156 silly currentTree ├── wordwrap@0.0.3
156 silly currentTree ├── ws@6.1.4
156 silly currentTree ├── xmlhttprequest-ssl@1.5.5
156 silly currentTree ├── yargs@3.10.0
156 silly currentTree └── yeast@0.1.2
157 silly idealTree chat-socket@0.0.0
157 silly idealTree ├── accepts@1.3.5
157 silly idealTree ├── acorn-globals@1.0.9
157 silly idealTree ├── acorn@2.7.0
157 silly idealTree ├── after@0.8.2
157 silly idealTree ├── align-text@0.1.4
157 silly idealTree ├── amdefine@1.0.1
157 silly idealTree ├── array-flatten@1.1.1
157 silly idealTree ├── arraybuffer.slice@0.0.7
157 silly idealTree ├── asap@1.0.0
157 silly idealTree ├── async-limiter@1.0.0
157 silly idealTree ├── async@2.6.2
157 silly idealTree ├── axios@0.18.0
157 silly idealTree ├── backo2@1.0.2
157 silly idealTree ├── base64-arraybuffer@0.1.5
157 silly idealTree ├── base64id@1.0.0
157 silly idealTree ├── better-assert@1.0.2
157 silly idealTree ├── bignumber.js@7.2.1
157 silly idealTree ├── blob@0.0.5
157 silly idealTree ├── body-parser@1.18.3
157 silly idealTree ├── buffer-equal-constant-time@1.0.1
157 silly idealTree ├── bytes@3.0.0
157 silly idealTree ├── callsite@1.0.0
157 silly idealTree ├── camelcase@1.2.1
157 silly idealTree ├── center-align@0.1.3
157 silly idealTree ├── character-parser@1.2.1
157 silly idealTree ├─┬ clean-css@3.4.28
157 silly idealTree │ └── commander@2.8.1
157 silly idealTree ├─┬ cliui@2.1.0
157 silly idealTree │ └── wordwrap@0.0.2
157 silly idealTree ├── color-convert@1.9.3
157 silly idealTree ├── color-name@1.1.3
157 silly idealTree ├── color-string@1.5.3
157 silly idealTree ├── color@3.0.0
157 silly idealTree ├── colornames@1.1.1
157 silly idealTree ├── colors@1.3.3
157 silly idealTree ├── colorspace@1.1.1
157 silly idealTree ├── commander@2.6.0
157 silly idealTree ├── component-bind@1.0.0
157 silly idealTree ├── component-emitter@1.2.1
157 silly idealTree ├── component-inherit@0.0.3
157 silly idealTree ├── constantinople@3.0.2
157 silly idealTree ├── content-disposition@0.5.2
157 silly idealTree ├── content-type@1.0.4
157 silly idealTree ├── cookie-parser@1.4.4
157 silly idealTree ├── cookie-signature@1.0.6
157 silly idealTree ├── cookie@0.3.1
157 silly idealTree ├── core-util-is@1.0.2
157 silly idealTree ├── css-parse@1.0.4
157 silly idealTree ├── css-stringify@1.0.5
157 silly idealTree ├── css@1.0.8
157 silly idealTree ├── debug@2.6.9
157 silly idealTree ├── decamelize@1.2.0
157 silly idealTree ├── depd@1.1.2
157 silly idealTree ├── destroy@1.0.4
157 silly idealTree ├── diagnostics@1.1.1
157 silly idealTree ├── dotenv@7.0.0
157 silly idealTree ├── double-ended-queue@2.1.0-0
157 silly idealTree ├── ecdsa-sig-formatter@1.0.11
157 silly idealTree ├── ee-first@1.1.1
157 silly idealTree ├── enabled@1.0.2
157 silly idealTree ├── encodeurl@1.0.2
157 silly idealTree ├─┬ engine.io-client@3.3.2
157 silly idealTree │ └── debug@3.1.0
157 silly idealTree ├── engine.io-parser@2.1.3
157 silly idealTree ├─┬ engine.io@3.3.2
157 silly idealTree │ └── debug@3.1.0
157 silly idealTree ├── env-variable@0.0.5
157 silly idealTree ├── escape-html@1.0.3
157 silly idealTree ├── etag@1.8.1
157 silly idealTree ├── express@4.16.4
157 silly idealTree ├── fast-safe-stringify@2.0.6
157 silly idealTree ├── fecha@2.3.3
157 silly idealTree ├── finalhandler@1.1.1
157 silly idealTree ├─┬ follow-redirects@1.7.0
157 silly idealTree │ ├── debug@3.2.6
157 silly idealTree │ └── ms@2.1.1
157 silly idealTree ├── forwarded@0.1.2
157 silly idealTree ├── fresh@0.5.2
157 silly idealTree ├── graceful-readlink@1.0.1
157 silly idealTree ├── has-binary2@1.0.3
157 silly idealTree ├── has-cors@1.1.0
157 silly idealTree ├── http-errors@1.6.3
157 silly idealTree ├── iconv-lite@0.4.23
157 silly idealTree ├── indexof@0.0.1
157 silly idealTree ├── inherits@2.0.3
157 silly idealTree ├── ipaddr.js@1.8.0
157 silly idealTree ├── is-arrayish@0.3.2
157 silly idealTree ├── is-buffer@1.1.6
157 silly idealTree ├── is-promise@2.1.0
157 silly idealTree ├── is-stream@1.1.0
157 silly idealTree ├── isarray@2.0.1
157 silly idealTree ├── jade@1.11.0
157 silly idealTree ├─┬ jsonwebtoken@8.5.1
157 silly idealTree │ └── ms@2.1.1
157 silly idealTree ├── jstransformer@0.0.2
157 silly idealTree ├── jwa@1.4.1
157 silly idealTree ├── jws@3.2.2
157 silly idealTree ├── kind-of@3.2.2
157 silly idealTree ├── kuler@1.0.1
157 silly idealTree ├── lazy-cache@1.0.4
157 silly idealTree ├── lodash.includes@4.3.0
157 silly idealTree ├── lodash.isboolean@3.0.3
157 silly idealTree ├── lodash.isinteger@4.0.4
157 silly idealTree ├── lodash.isnumber@3.0.3
157 silly idealTree ├── lodash.isplainobject@4.0.6
157 silly idealTree ├── lodash.isstring@4.0.1
157 silly idealTree ├── lodash.once@4.1.1
157 silly idealTree ├── lodash@4.17.11
157 silly idealTree ├─┬ logform@2.1.2
157 silly idealTree │ └── ms@2.1.1
157 silly idealTree ├── longest@1.0.1
157 silly idealTree ├── media-typer@0.3.0
157 silly idealTree ├── merge-descriptors@1.0.1
157 silly idealTree ├── methods@1.1.2
157 silly idealTree ├── mime-db@1.38.0
157 silly idealTree ├── mime-types@2.1.22
157 silly idealTree ├── mime@1.4.1
157 silly idealTree ├── minimist@0.0.8
157 silly idealTree ├── mkdirp@0.5.1
157 silly idealTree ├── ms@2.0.0
157 silly idealTree ├── mysql@2.17.1
157 silly idealTree ├── negotiator@0.6.1
157 silly idealTree ├── notepack.io@2.1.3
157 silly idealTree ├── object-component@0.0.3
157 silly idealTree ├── on-finished@2.3.0
157 silly idealTree ├── one-time@0.0.4
157 silly idealTree ├── optimist@0.3.7
157 silly idealTree ├── parseqs@0.0.5
157 silly idealTree ├── parseuri@0.0.5
157 silly idealTree ├── parseurl@1.3.2
157 silly idealTree ├── path-to-regexp@0.1.7
157 silly idealTree ├── process-nextick-args@2.0.0
157 silly idealTree ├── promise@6.1.0
157 silly idealTree ├── proxy-addr@2.0.4
157 silly idealTree ├── qs@6.5.2
157 silly idealTree ├── range-parser@1.2.0
157 silly idealTree ├── raw-body@2.3.3
157 silly idealTree ├─┬ readable-stream@2.3.6
157 silly idealTree │ └── isarray@1.0.0
157 silly idealTree ├── redis-commands@1.4.0
157 silly idealTree ├── redis-parser@2.6.0
157 silly idealTree ├── redis@2.8.0
157 silly idealTree ├── repeat-string@1.6.1
157 silly idealTree ├── right-align@0.1.3
157 silly idealTree ├── safe-buffer@5.1.2
157 silly idealTree ├── safer-buffer@2.1.2
157 silly idealTree ├── semver@5.6.0
157 silly idealTree ├── send@0.16.2
157 silly idealTree ├── serve-static@1.13.2
157 silly idealTree ├── setprototypeof@1.1.0
157 silly idealTree ├── simple-swizzle@0.2.2
157 silly idealTree ├── socket.io-adapter@1.1.1
157 silly idealTree ├─┬ socket.io-client@2.2.0
157 silly idealTree │ └── debug@3.1.0
157 silly idealTree ├─┬ socket.io-parser@3.3.0
157 silly idealTree │ └── debug@3.1.0
157 silly idealTree ├── socket.io-redis@5.2.0
157 silly idealTree ├─┬ socket.io@2.2.0
157 silly idealTree │ ├── debug@4.1.1
157 silly idealTree │ └── ms@2.1.1
157 silly idealTree ├── source-map@0.4.4
157 silly idealTree ├── sqlstring@2.3.1
157 silly idealTree ├── stack-trace@0.0.10
157 silly idealTree ├── statuses@1.4.0
157 silly idealTree ├── string_decoder@1.1.1
157 silly idealTree ├── text-hex@1.0.0
157 silly idealTree ├── to-array@0.1.4
157 silly idealTree ├─┬ transformers@2.1.0
157 silly idealTree │ ├── is-promise@1.0.1
157 silly idealTree │ ├── promise@2.0.0
157 silly idealTree │ ├── source-map@0.1.43
157 silly idealTree │ └── uglify-js@2.2.5
157 silly idealTree ├── triple-beam@1.3.0
157 silly idealTree ├── type-is@1.6.16
157 silly idealTree ├─┬ uglify-js@2.8.29
157 silly idealTree │ └── source-map@0.5.7
157 silly idealTree ├── uglify-to-browserify@1.0.2
157 silly idealTree ├── uid2@0.0.3
157 silly idealTree ├── unpipe@1.0.0
157 silly idealTree ├── util-deprecate@1.0.2
157 silly idealTree ├── utils-merge@1.0.1
157 silly idealTree ├── vary@1.1.2
157 silly idealTree ├── void-elements@2.0.1
157 silly idealTree ├── window-size@0.1.0
157 silly idealTree ├── winston-transport@4.3.0
157 silly idealTree ├─┬ winston@3.2.1
157 silly idealTree │ └── readable-stream@3.3.0
157 silly idealTree ├─┬ with@4.0.3
157 silly idealTree │ └── acorn@1.2.2
157 silly idealTree ├── wordwrap@0.0.3
157 silly idealTree ├── ws@6.1.4
157 silly idealTree ├── xmlhttprequest-ssl@1.5.5
157 silly idealTree ├── yargs@3.10.0
157 silly idealTree └── yeast@0.1.2
158 silly generateActionsToTake Starting
159 silly install generateActionsToTake
160 warn checkPermissions Missing write access to /home/sgill/personalweb/chat-socket/node_modules/mysql
161 warn checkPermissions Missing write access to /home/sgill/personalweb/chat-socket/node_modules/winston
162 silly rollbackFailedOptional Starting
163 silly rollbackFailedOptional Finishing
164 silly runTopLevelLifecycles Starting
165 silly runTopLevelLifecycles Finishing
166 silly install printInstalled
167 verbose stack Error: EACCES: permission denied, access '/home/sgill/personalweb/chat-socket/node_modules/mysql'
168 verbose cwd /home/sgill/personalweb/chat-socket
169 error Linux 4.15.0-47-generic
170 error argv "/usr/bin/node" "/usr/bin/npm" "i" "socket.io-redis"
171 error node v8.10.0
172 error npm  v3.5.2
173 error path /home/sgill/personalweb/chat-socket/node_modules/mysql
174 error code EACCES
175 error errno -13
176 error syscall access
177 error Error: EACCES: permission denied, access '/home/sgill/personalweb/chat-socket/node_modules/mysql'
177 error  { Error: EACCES: permission denied, access '/home/sgill/personalweb/chat-socket/node_modules/mysql'
177 error   errno: -13,
177 error   code: 'EACCES',
177 error   syscall: 'access',
177 error   path: '/home/sgill/personalweb/chat-socket/node_modules/mysql' }
178 error Please try running this command again as root/Administrator.
179 verbose exit [ -13, true ]
